<?xml version="1.0" encoding="utf-8"?><testsuites><testsuite name="pytest" errors="0" failures="0" skipped="0" tests="4" time="73.038" timestamp="2025-01-31T09:59:06.840740-05:00" hostname="CO-IT024083"><testcase classname="tests.model.test_model.TestModel" name="test_model_fit" time="17.578" /><testcase classname="tests.model.test_model.TestModel" name="test_model_predict" time="17.173" /><testcase classname="tests.model.test_model.TestModel" name="test_model_preprocess_for_serving" time="17.280" /><testcase classname="tests.model.test_model.TestModel" name="test_model_preprocess_for_training" time="17.435" /></testsuite></testsuites>
